TN:
SF:script/Counter.s.sol
FN:8,CounterScript.setUp
FNDA:0,CounterScript.setUp
FN:10,CounterScript.run
FNDA:0,CounterScript.run
DA:11,0
DA:12,0
DA:14,0
DA:15,0
DA:16,0
FNF:2
FNH:0
LF:5
LH:0
BRF:0
BRH:0
end_of_record
TN:
SF:script/StakeContract.s.sol
FN:8,StakeContractScript.setUp
FNDA:0,StakeContractScript.setUp
FN:10,StakeContractScript.run
FNDA:0,StakeContractScript.run
DA:11,0
DA:12,0
DA:14,0
DA:16,0
FNF:2
FNH:0
LF:4
LH:0
BRF:0
BRH:0
end_of_record
TN:
SF:src/Counter.sol
FN:13,Counter.setNumber
FNDA:256,Counter.setNumber
DA:14,256
FN:17,Counter.increment
FNDA:1,Counter.increment
DA:18,1
FNF:2
FNH:2
LF:2
LH:2
BRF:0
BRH:0
end_of_record
TN:
SF:src/Flashloaner.sol
FN:38,Flashloaner.depositTokens
FNDA:259,Flashloaner.depositTokens
DA:39,259
BRDA:39,0,0,2
BRDA:39,0,1,257
DA:41,257
DA:42,257
FN:52,Flashloaner.flashLoan
FNDA:261,Flashloaner.flashLoan
DA:53,261
BRDA:53,1,0,1
BRDA:53,1,1,260
DA:55,260
DA:56,260
BRDA:56,2,0,1
BRDA:56,2,1,259
DA:59,259
BRDA:59,3,0,-
BRDA:59,3,1,259
DA:61,259
DA:63,259
DA:68,259
DA:69,259
BRDA:69,4,0,1
BRDA:69,4,1,258
DA:70,258
FN:73,Flashloaner.updateOwner
FNDA:2,Flashloaner.updateOwner
DA:74,0
FN:77,Flashloaner.echoSender
FNDA:2,Flashloaner.echoSender
DA:78,2
FNF:4
FNH:4
LF:14
LH:13
BRF:10
BRH:9
end_of_record
TN:
SF:src/StakeContract.sol
FN:12,StakeContract.stake
FNDA:256,StakeContract.stake
DA:13,256
DA:14,256
DA:19,256
BRDA:19,0,0,-
BRDA:19,0,1,256
DA:20,256
FNF:1
FNH:1
LF:4
LH:4
BRF:2
BRH:1
end_of_record
TN:
SF:test/Flashloaner.t.sol
FN:11,TokenReceiver.receiveTokens
FNDA:0,TokenReceiver.receiveTokens
DA:15,0
FNF:1
FNH:0
LF:1
LH:0
BRF:0
BRH:0
end_of_record
